<?xml version="1.0" encoding="UTF-8"?>
<!-- Generated by org.testng.reporters.JUnitXMLReporter -->
<testsuite ignored="0" hostname="LAPTOP-6J8M4M1H" failures="1" tests="1" name="Winter Tours Test" time="18.169" errors="0" timestamp="2026-02-14T20:39:09 IST">
  <testcase classname="testcases.WinterToursTest" name="winterToursTest" time="10.258">
    <failure type="java.lang.AssertionError" message="null">
      <![CDATA[java.lang.AssertionError: null
at testcases.WinterToursTest.winterToursTest(WinterToursTest.java:26)
at java.base/java.util.ArrayList.forEach(ArrayList.java:1596)
... Removed 27 stack frames]]>
    </failure>
  </testcase> <!-- winterToursTest -->
</testsuite> <!-- Winter Tours Test -->
