<?xml version="1.0" encoding="UTF-8"?>
<testng-results ignored="0" total="1" passed="0" failed="1" skipped="0">
  <reporter-output>
  </reporter-output>
  <suite started-at="2026-02-14T20:38:50 IST" name="Alaska Trips Regression Suite 1402" finished-at="2026-02-14T20:39:08 IST" duration-ms="18169">
    <groups>
    </groups>
    <test started-at="2026-02-14T20:38:50 IST" name="Winter Tours Test" finished-at="2026-02-14T20:39:08 IST" duration-ms="18169">
      <class name="testcases.WinterToursTest">
        <test-method is-config="true" signature="setUp()[pri:0, instance:testcases.WinterToursTest@765d7657]" started-at="2026-02-14T20:38:51 IST" name="setUp" finished-at="2026-02-14T20:38:58 IST" duration-ms="6826" status="PASS">
          <reporter-output>
          </reporter-output>
        </test-method> <!-- setUp -->
        <test-method signature="winterToursTest(java.util.Hashtable)[pri:0, instance:testcases.WinterToursTest@765d7657]" started-at="2026-02-14T20:38:58 IST" name="winterToursTest" data-provider="dp" finished-at="2026-02-14T20:39:08 IST" duration-ms="10258" status="FAIL">
          <params>
            <param index="0">
              <value>
                <![CDATA[{Name=Khaleefullah Akbar Ali, Message=Hi there, this is Khaleefullah from Chennai, Phone=9791253589, Email=khaleefullah.a@gmail.com}]]>
              </value>
            </param>
          </params>
          <exception class="java.lang.AssertionError">
            <message>
              <![CDATA[null]]>
            </message>
            <full-stacktrace>
              <![CDATA[java.lang.AssertionError: null
at org.testng.Assert.fail(Assert.java:111)
at org.testng.Assert.fail(Assert.java:116)
at testcases.WinterToursTest.winterToursTest(WinterToursTest.java:26)
at java.base/jdk.internal.reflect.DirectMethodHandleAccessor.invoke(DirectMethodHandleAccessor.java:103)
at java.base/java.lang.reflect.Method.invoke(Method.java:580)
at org.testng.internal.invokers.MethodInvocationHelper.invokeMethod(MethodInvocationHelper.java:141)
at org.testng.internal.invokers.TestInvoker.invokeMethod(TestInvoker.java:687)
at org.testng.internal.invokers.TestInvoker.invokeTestMethod(TestInvoker.java:230)
at org.testng.internal.invokers.MethodRunner.runInSequence(MethodRunner.java:63)
at org.testng.internal.invokers.TestInvoker$MethodInvocationAgent.invoke(TestInvoker.java:995)
at org.testng.internal.invokers.TestInvoker.invokeTestMethods(TestInvoker.java:203)
at org.testng.internal.invokers.TestMethodWorker.invokeTestMethods(TestMethodWorker.java:154)
at org.testng.internal.invokers.TestMethodWorker.run(TestMethodWorker.java:134)
at java.base/java.util.ArrayList.forEach(ArrayList.java:1596)
at org.testng.TestRunner.privateRun(TestRunner.java:741)
at org.testng.TestRunner.run(TestRunner.java:616)
at org.testng.SuiteRunner.runTest(SuiteRunner.java:421)
at org.testng.SuiteRunner.runSequentially(SuiteRunner.java:413)
at org.testng.SuiteRunner.privateRun(SuiteRunner.java:373)
at org.testng.SuiteRunner.run(SuiteRunner.java:312)
at org.testng.SuiteRunnerWorker.runSuite(SuiteRunnerWorker.java:52)
at org.testng.SuiteRunnerWorker.run(SuiteRunnerWorker.java:95)
at org.testng.TestNG.runSuitesSequentially(TestNG.java:1274)
at org.testng.TestNG.runSuitesLocally(TestNG.java:1208)
at org.testng.TestNG.runSuites(TestNG.java:1112)
at org.testng.TestNG.run(TestNG.java:1079)
at org.testng.remote.AbstractRemoteTestNG.run(AbstractRemoteTestNG.java:115)
at org.testng.remote.RemoteTestNG.initAndRun(RemoteTestNG.java:293)
at org.testng.remote.RemoteTestNG.main(RemoteTestNG.java:91)
]]>
            </full-stacktrace>
          </exception> <!-- java.lang.AssertionError -->
          <reporter-output>
          </reporter-output>
        </test-method> <!-- winterToursTest -->
        <test-method is-config="true" signature="tearDown()[pri:0, instance:testcases.WinterToursTest@765d7657]" started-at="2026-02-14T20:39:08 IST" name="tearDown" finished-at="2026-02-14T20:39:08 IST" duration-ms="168" status="PASS">
          <reporter-output>
          </reporter-output>
        </test-method> <!-- tearDown -->
      </class> <!-- testcases.WinterToursTest -->
    </test> <!-- Winter Tours Test -->
  </suite> <!-- Alaska Trips Regression Suite 1402 -->
</testng-results>
