<?xml version="1.0" encoding="UTF-8"?>
<testng-results ignored="0" total="1" passed="1" failed="0" skipped="0">
  <reporter-output>
  </reporter-output>
  <suite started-at="2026-02-14T08:32:39 IST" name="Alaska Trips Regression Suite 1402" finished-at="2026-02-14T08:32:51 IST" duration-ms="12320">
    <groups>
    </groups>
    <test started-at="2026-02-14T08:32:39 IST" name="Winter Tours Test" finished-at="2026-02-14T08:32:51 IST" duration-ms="12320">
      <class name="testcases.WinterToursTest">
        <test-method is-config="true" signature="setUp()[pri:0, instance:testcases.WinterToursTest@459e9125]" started-at="2026-02-14T08:32:39 IST" name="setUp" finished-at="2026-02-14T08:32:47 IST" duration-ms="7583" status="PASS">
          <reporter-output>
          </reporter-output>
        </test-method> <!-- setUp -->
        <test-method signature="winterToursTest()[pri:0, instance:testcases.WinterToursTest@459e9125]" started-at="2026-02-14T08:32:47 IST" name="winterToursTest" finished-at="2026-02-14T08:32:51 IST" duration-ms="4387" status="PASS">
          <reporter-output>
          </reporter-output>
        </test-method> <!-- winterToursTest -->
        <test-method is-config="true" signature="tearDown()[pri:0, instance:testcases.WinterToursTest@459e9125]" started-at="2026-02-14T08:32:51 IST" name="tearDown" finished-at="2026-02-14T08:32:51 IST" duration-ms="308" status="PASS">
          <reporter-output>
          </reporter-output>
        </test-method> <!-- tearDown -->
      </class> <!-- testcases.WinterToursTest -->
    </test> <!-- Winter Tours Test -->
  </suite> <!-- Alaska Trips Regression Suite 1402 -->
</testng-results>
